2026-03-05 14:09:10,188 INFO Pipeline started
2026-03-05 14:09:10,188 INFO Loading input file: /data/WORK/DH-unibe/ceresa/named-entity-prototyping/LLMEntityLinker/output-gemini3-flash-preview.txt
2026-03-05 14:09:10,188 INFO Loaded 225 lines
2026-03-05 14:09:10,188 INFO Parsing sections
2026-03-05 14:09:10,188 INFO persons: 16 raw entries
2026-03-05 14:09:10,189 INFO places: 7 raw entries
2026-03-05 14:09:10,189 INFO institutions: 3 raw entries
2026-03-05 14:09:10,189 INFO publishers: 1 raw entries
2026-03-05 14:09:10,189 INFO works: 6 raw entries
2026-03-05 14:09:10,189 INFO events: 0 raw entries
2026-03-05 14:09:10,189 INFO citations: 5 raw entries
2026-03-05 14:09:10,189 INFO Deduplicating entries
2026-03-05 14:09:10,189 INFO persons: 15 unique entries after dedup
2026-03-05 14:09:10,189 INFO places: 7 unique entries after dedup
2026-03-05 14:09:10,189 INFO institutions: 3 unique entries after dedup
2026-03-05 14:09:10,189 INFO publishers: 1 unique entries after dedup
2026-03-05 14:09:10,189 INFO works: 6 unique entries after dedup
2026-03-05 14:09:10,189 INFO events: 0 unique entries after dedup
2026-03-05 14:09:10,189 INFO citations: 5 unique entries after dedup
2026-03-05 14:09:10,189 INFO Enriching entities via Wikidata
2026-03-05 14:09:49,802 INFO Enrichment complete – 37 total records
2026-03-05 14:09:49,803 INFO Writing CSV to code/2/entities_enriched.csv
2026-03-05 14:10:13,528 INFO Pipeline started
2026-03-05 14:10:13,528 INFO Loading input file: /data/WORK/DH-unibe/ceresa/named-entity-prototyping/LLMEntityLinker/output-gemini3-flash-preview.txt
2026-03-05 14:10:13,528 INFO Loaded 225 lines
2026-03-05 14:10:13,529 INFO Parsing sections
2026-03-05 14:10:13,529 INFO persons: 16 raw entries
2026-03-05 14:10:13,529 INFO places: 7 raw entries
2026-03-05 14:10:13,529 INFO institutions: 3 raw entries
2026-03-05 14:10:13,529 INFO publishers: 1 raw entries
2026-03-05 14:10:13,529 INFO works: 6 raw entries
2026-03-05 14:10:13,529 INFO events: 0 raw entries
2026-03-05 14:10:13,529 INFO citations: 5 raw entries
2026-03-05 14:10:13,529 INFO Deduplicating entries
2026-03-05 14:10:13,529 INFO persons: 15 unique entries after dedup
2026-03-05 14:10:13,529 INFO places: 7 unique entries after dedup
2026-03-05 14:10:13,529 INFO institutions: 3 unique entries after dedup
2026-03-05 14:10:13,529 INFO publishers: 1 unique entries after dedup
2026-03-05 14:10:13,529 INFO works: 6 unique entries after dedup
2026-03-05 14:10:13,529 INFO events: 0 unique entries after dedup
2026-03-05 14:10:13,529 INFO citations: 5 unique entries after dedup
2026-03-05 14:10:13,529 INFO Enriching entities via Wikidata
2026-03-05 14:10:46,935 INFO Enrichment complete – 37 total records
2026-03-05 14:10:46,936 INFO Writing CSV to code/2/entities_enriched.csv
2026-03-05 14:13:14,954 INFO Pipeline started
2026-03-05 14:13:14,954 INFO Loading input file: /data/WORK/DH-unibe/ceresa/named-entity-prototyping/LLMEntityLinker/output-gemini3-flash-preview.txt
2026-03-05 14:13:14,954 INFO Loaded 225 lines
2026-03-05 14:13:14,954 INFO Parsing sections
2026-03-05 14:13:14,954 INFO persons: 16 raw entries
2026-03-05 14:13:14,954 INFO places: 7 raw entries
2026-03-05 14:13:14,954 INFO institutions: 3 raw entries
2026-03-05 14:13:14,954 INFO publishers: 1 raw entries
2026-03-05 14:13:14,954 INFO works: 6 raw entries
2026-03-05 14:13:14,954 INFO events: 0 raw entries
2026-03-05 14:13:14,954 INFO citations: 5 raw entries
2026-03-05 14:13:14,955 INFO Deduplicating entries
2026-03-05 14:13:14,955 INFO persons: 15 unique entries after dedup
2026-03-05 14:13:14,955 INFO places: 7 unique entries after dedup
2026-03-05 14:13:14,955 INFO institutions: 3 unique entries after dedup
2026-03-05 14:13:14,955 INFO publishers: 1 unique entries after dedup
2026-03-05 14:13:14,955 INFO works: 6 unique entries after dedup
2026-03-05 14:13:14,955 INFO events: 0 unique entries after dedup
2026-03-05 14:13:14,955 INFO citations: 5 unique entries after dedup
2026-03-05 14:13:14,955 INFO Enriching entities via Wikidata
2026-03-05 14:13:58,850 INFO Enrichment complete – 37 total records
2026-03-05 14:13:58,852 INFO Writing CSV to code/2/entities_enriched.csv
2026-03-05 14:15:35,162 INFO Pipeline started
2026-03-05 14:15:35,162 INFO Loading input file: /data/WORK/DH-unibe/ceresa/named-entity-prototyping/LLMEntityLinker/output-gemini3-flash-preview.txt
2026-03-05 14:15:35,162 INFO Loaded 225 lines
2026-03-05 14:15:35,162 INFO Parsing sections
2026-03-05 14:15:35,163 INFO persons: 16 raw entries
2026-03-05 14:15:35,163 INFO places: 7 raw entries
2026-03-05 14:15:35,163 INFO institutions: 3 raw entries
2026-03-05 14:15:35,163 INFO publishers: 1 raw entries
2026-03-05 14:15:35,163 INFO works: 6 raw entries
2026-03-05 14:15:35,163 INFO events: 0 raw entries
2026-03-05 14:15:35,163 INFO citations: 5 raw entries
2026-03-05 14:15:35,163 INFO Deduplicating entries
2026-03-05 14:15:35,163 INFO persons: 15 unique entries after dedup
2026-03-05 14:15:35,163 INFO places: 7 unique entries after dedup
2026-03-05 14:15:35,163 INFO institutions: 3 unique entries after dedup
2026-03-05 14:15:35,163 INFO publishers: 1 unique entries after dedup
2026-03-05 14:15:35,163 INFO works: 6 unique entries after dedup
2026-03-05 14:15:35,163 INFO events: 0 unique entries after dedup
2026-03-05 14:15:35,163 INFO citations: 5 unique entries after dedup
2026-03-05 14:15:35,163 INFO Enriching entities via Wikidata
2026-03-05 14:16:26,114 INFO Enrichment complete – 37 total records
2026-03-05 14:16:26,115 INFO Writing CSV to entities_enriched.csv
2026-03-05 14:16:26,115 INFO Pipeline finished successfully
2026-03-05 14:19:50,171 INFO Pipeline started
2026-03-05 14:19:50,171 INFO Loading input file: /data/WORK/DH-unibe/ceresa/named-entity-prototyping/LLMEntityLinker/output-gemini3-flash-preview.txt
2026-03-05 14:19:50,171 INFO Loaded 225 lines
2026-03-05 14:19:50,172 INFO Parsing sections
2026-03-05 14:19:50,172 INFO persons: 16 raw entries
2026-03-05 14:19:50,172 INFO places: 7 raw entries
2026-03-05 14:19:50,172 INFO institutions: 3 raw entries
2026-03-05 14:19:50,172 INFO publishers: 1 raw entries
2026-03-05 14:19:50,172 INFO works: 6 raw entries
2026-03-05 14:19:50,172 INFO events: 0 raw entries
2026-03-05 14:19:50,172 INFO citations: 5 raw entries
2026-03-05 14:19:50,172 INFO Deduplicating entries
2026-03-05 14:19:50,172 INFO persons: 15 unique entries after dedup
2026-03-05 14:19:50,172 INFO places: 7 unique entries after dedup
2026-03-05 14:19:50,172 INFO institutions: 3 unique entries after dedup
2026-03-05 14:19:50,172 INFO publishers: 1 unique entries after dedup
2026-03-05 14:19:50,172 INFO works: 6 unique entries after dedup
2026-03-05 14:19:50,172 INFO events: 0 unique entries after dedup
2026-03-05 14:19:50,172 INFO citations: 5 unique entries after dedup
2026-03-05 14:19:50,172 INFO Enriching entities via Wikidata
2026-03-05 14:20:23,257 INFO Enrichment complete – 37 total records
2026-03-05 14:20:23,258 INFO Writing CSV to entities_enriched.csv
2026-03-05 14:20:23,260 INFO Pipeline finished successfully
2026-03-05 14:51:18,037 INFO Pipeline started
2026-03-05 14:51:18,037 INFO Loading input file: demo/step1/output.txt
2026-03-05 14:51:46,045 INFO Pipeline started
2026-03-05 14:51:46,045 INFO Loading input file: ../../demo/step1/output.txt
2026-03-05 14:51:46,049 INFO Loaded 225 lines
2026-03-05 14:51:46,049 INFO Parsing sections
2026-03-05 14:51:46,049 INFO persons: 16 raw entries
2026-03-05 14:51:46,049 INFO places: 7 raw entries
2026-03-05 14:51:46,050 INFO institutions: 3 raw entries
2026-03-05 14:51:46,050 INFO publishers: 1 raw entries
2026-03-05 14:51:46,050 INFO works: 6 raw entries
2026-03-05 14:51:46,050 INFO events: 0 raw entries
2026-03-05 14:51:46,050 INFO citations: 5 raw entries
2026-03-05 14:51:46,050 INFO Deduplicating entries
2026-03-05 14:51:46,050 INFO persons: 15 unique entries after dedup
2026-03-05 14:51:46,050 INFO places: 7 unique entries after dedup
2026-03-05 14:51:46,050 INFO institutions: 3 unique entries after dedup
2026-03-05 14:51:46,050 INFO publishers: 1 unique entries after dedup
2026-03-05 14:51:46,050 INFO works: 6 unique entries after dedup
2026-03-05 14:51:46,050 INFO events: 0 unique entries after dedup
2026-03-05 14:51:46,050 INFO citations: 5 unique entries after dedup
2026-03-05 14:51:46,050 INFO Enriching entities via Wikidata
2026-03-05 14:52:19,762 INFO Enrichment complete – 37 total records
2026-03-05 14:52:19,763 INFO Writing CSV to entities_enriched.csv
2026-03-05 14:52:19,764 INFO Pipeline finished successfully
2026-03-05 14:55:08,882 INFO Pipeline started
2026-03-05 14:55:08,883 INFO Loading input file: ../../demo/step1/output.txt
2026-03-05 14:55:08,883 INFO Loaded 225 lines
2026-03-05 14:55:08,883 INFO Parsing sections
2026-03-05 14:55:08,883 INFO persons: 16 raw entries
2026-03-05 14:55:08,883 INFO places: 7 raw entries
2026-03-05 14:55:08,883 INFO institutions: 3 raw entries
2026-03-05 14:55:08,883 INFO publishers: 1 raw entries
2026-03-05 14:55:08,883 INFO works: 6 raw entries
2026-03-05 14:55:08,883 INFO events: 0 raw entries
2026-03-05 14:55:08,883 INFO citations: 5 raw entries
2026-03-05 14:55:08,883 INFO Deduplicating entries
2026-03-05 14:55:08,884 INFO persons: 15 unique entries after dedup
2026-03-05 14:55:08,884 INFO places: 7 unique entries after dedup
2026-03-05 14:55:08,884 INFO institutions: 3 unique entries after dedup
2026-03-05 14:55:08,884 INFO publishers: 1 unique entries after dedup
2026-03-05 14:55:08,884 INFO works: 6 unique entries after dedup
2026-03-05 14:55:08,884 INFO events: 0 unique entries after dedup
2026-03-05 14:55:08,884 INFO citations: 5 unique entries after dedup
2026-03-05 14:55:08,884 INFO Enriching entities via Wikidata
2026-03-05 14:55:42,291 INFO Enrichment complete – 37 total records
2026-03-05 14:55:42,292 INFO Writing CSV to entities_enriched.csv
2026-03-05 14:55:42,295 INFO Pipeline finished successfully
2026-03-05 15:00:20,746 INFO Pipeline started
2026-03-05 15:00:20,746 INFO Loading input file: ../../demo/step1/output.txt
2026-03-05 15:17:35,881 INFO Pipeline started
2026-03-05 15:17:35,881 INFO Loading input file: ../../demo/step1/output.txt
2026-03-05 15:17:35,881 INFO Loaded 118 lines
2026-03-05 15:17:35,881 INFO Parsing sections
2026-03-05 15:17:35,881 INFO persons: 6 raw entries
2026-03-05 15:17:35,881 INFO places: 4 raw entries
2026-03-05 15:17:35,881 INFO institutions: 0 raw entries
2026-03-05 15:17:35,881 INFO publishers: 1 raw entries
2026-03-05 15:17:35,881 INFO works: 5 raw entries
2026-03-05 15:17:35,881 INFO events: 0 raw entries
2026-03-05 15:17:35,881 INFO citations: 4 raw entries
2026-03-05 15:17:35,881 INFO Deduplicating entries
2026-03-05 15:17:35,882 INFO persons: 6 unique entries after dedup
2026-03-05 15:17:35,882 INFO places: 4 unique entries after dedup
2026-03-05 15:17:35,882 INFO institutions: 0 unique entries after dedup
2026-03-05 15:17:35,882 INFO publishers: 1 unique entries after dedup
2026-03-05 15:17:35,882 INFO works: 5 unique entries after dedup
2026-03-05 15:17:35,882 INFO events: 0 unique entries after dedup
2026-03-05 15:17:35,882 INFO citations: 4 unique entries after dedup
2026-03-05 15:17:35,882 INFO Enriching entities via Wikidata
2026-03-05 15:18:06,274 INFO Enrichment complete – 20 total records
2026-03-05 15:18:06,275 INFO Writing CSV to entities_enriched.csv
2026-03-05 15:18:06,277 INFO Pipeline finished successfully
2026-03-05 15:30:13,405 INFO Pipeline started
2026-03-05 15:30:13,405 INFO Loading input file: ../../demo/step1/output.txt
2026-03-05 15:30:13,405 INFO Loaded 113 lines
2026-03-05 15:30:13,405 INFO Parsing sections
2026-03-05 15:30:13,406 INFO persons: 6 raw entries
2026-03-05 15:30:13,406 INFO places: 4 raw entries
2026-03-05 15:30:13,406 INFO institutions: 0 raw entries
2026-03-05 15:30:13,406 INFO publishers: 1 raw entries
2026-03-05 15:30:13,406 INFO works: 4 raw entries
2026-03-05 15:30:13,406 INFO events: 0 raw entries
2026-03-05 15:30:13,406 INFO citations: 3 raw entries
2026-03-05 15:30:13,406 INFO Deduplicating entries
2026-03-05 15:30:13,406 INFO persons: 6 unique entries after dedup
2026-03-05 15:30:13,406 INFO places: 4 unique entries after dedup
2026-03-05 15:30:13,406 INFO institutions: 0 unique entries after dedup
2026-03-05 15:30:13,406 INFO publishers: 1 unique entries after dedup
2026-03-05 15:30:13,406 INFO works: 4 unique entries after dedup
2026-03-05 15:30:13,406 INFO events: 0 unique entries after dedup
2026-03-05 15:30:13,406 INFO citations: 3 unique entries after dedup
2026-03-05 15:30:13,406 INFO Enriching entities via Wikidata
2026-03-05 15:30:40,558 INFO Enrichment complete – 18 total records
2026-03-05 15:30:40,559 INFO Writing CSV to entities_enriched.csv
2026-03-05 15:30:40,561 INFO Pipeline finished successfully
2026-03-05 15:32:31,181 INFO Pipeline started
2026-03-05 15:32:31,181 INFO Loading input file: ../../demo/step1/output.txt
2026-03-05 15:32:31,181 INFO Loaded 113 lines
2026-03-05 15:32:31,181 INFO Parsing sections
2026-03-05 15:32:31,181 INFO persons: 6 raw entries
2026-03-05 15:32:31,181 INFO places: 4 raw entries
2026-03-05 15:32:31,181 INFO institutions: 0 raw entries
2026-03-05 15:32:31,181 INFO publishers: 1 raw entries
2026-03-05 15:32:31,181 INFO works: 4 raw entries
2026-03-05 15:32:31,181 INFO events: 0 raw entries
2026-03-05 15:32:31,181 INFO citations: 3 raw entries
2026-03-05 15:32:31,181 INFO Deduplicating entries
2026-03-05 15:32:31,181 INFO persons: 6 unique entries after dedup
2026-03-05 15:32:31,182 INFO places: 4 unique entries after dedup
2026-03-05 15:32:31,182 INFO institutions: 0 unique entries after dedup
2026-03-05 15:32:31,182 INFO publishers: 1 unique entries after dedup
2026-03-05 15:32:31,182 INFO works: 4 unique entries after dedup
2026-03-05 15:32:31,182 INFO events: 0 unique entries after dedup
2026-03-05 15:32:31,182 INFO citations: 3 unique entries after dedup
2026-03-05 15:32:31,182 INFO Enriching entities via Wikidata
2026-03-05 15:32:56,232 INFO Enrichment complete – 18 total records
2026-03-05 15:32:56,233 INFO Writing CSV to entities_enriched.csv
2026-03-05 15:32:56,233 INFO Pipeline finished successfully
2026-03-05 17:53:53,701 INFO Pipeline started
2026-03-05 17:53:53,705 INFO Loading input file: ../../demo/step1/output.txt
2026-03-05 17:53:53,705 INFO Loaded 113 lines
2026-03-05 17:53:53,705 INFO Parsing sections
2026-03-05 17:53:53,706 INFO persons: 6 raw entries
2026-03-05 17:53:53,706 INFO places: 4 raw entries
2026-03-05 17:53:53,706 INFO institutions: 0 raw entries
2026-03-05 17:53:53,706 INFO publishers: 1 raw entries
2026-03-05 17:53:53,706 INFO works: 4 raw entries
2026-03-05 17:53:53,706 INFO events: 0 raw entries
2026-03-05 17:53:53,706 INFO citations: 3 raw entries
2026-03-05 17:53:53,706 INFO Deduplicating entries
2026-03-05 17:53:53,706 INFO persons: 6 unique entries after dedup
2026-03-05 17:53:53,706 INFO places: 4 unique entries after dedup
2026-03-05 17:53:53,706 INFO institutions: 0 unique entries after dedup
2026-03-05 17:53:53,706 INFO publishers: 1 unique entries after dedup
2026-03-05 17:53:53,706 INFO works: 4 unique entries after dedup
2026-03-05 17:53:53,706 INFO events: 0 unique entries after dedup
2026-03-05 17:53:53,706 INFO citations: 3 unique entries after dedup
2026-03-05 17:53:53,706 INFO Enriching entities via Wikidata
2026-03-05 17:54:16,926 INFO Enrichment complete – 18 total records
2026-03-05 17:54:16,927 INFO Writing CSV to entities_enriched.csv
2026-03-05 17:54:16,927 INFO Pipeline finished successfully
2026-03-05 18:06:22,001 INFO Pipeline started
2026-03-05 18:06:22,001 INFO Loading input file: ../../demo/step1/output.txt
2026-03-05 18:06:22,001 INFO Loaded 117 lines
2026-03-05 18:06:22,001 INFO Parsing sections
2026-03-05 18:06:22,001 INFO persons: 6 raw entries
2026-03-05 18:06:22,002 INFO places: 4 raw entries
2026-03-05 18:06:22,002 INFO institutions: 0 raw entries
2026-03-05 18:06:22,002 INFO publishers: 1 raw entries
2026-03-05 18:06:22,002 INFO works: 5 raw entries
2026-03-05 18:06:22,002 INFO events: 0 raw entries
2026-03-05 18:06:22,002 INFO citations: 3 raw entries
2026-03-05 18:06:22,002 INFO Deduplicating entries
2026-03-05 18:06:22,002 INFO persons: 6 unique entries after dedup
2026-03-05 18:06:22,002 INFO places: 4 unique entries after dedup
2026-03-05 18:06:22,002 INFO institutions: 0 unique entries after dedup
2026-03-05 18:06:22,002 INFO publishers: 1 unique entries after dedup
2026-03-05 18:06:22,002 INFO works: 5 unique entries after dedup
2026-03-05 18:06:22,002 INFO events: 0 unique entries after dedup
2026-03-05 18:06:22,002 INFO citations: 3 unique entries after dedup
2026-03-05 18:06:22,002 INFO Enriching entities via Wikidata
2026-03-05 18:06:44,011 INFO Enrichment complete – 19 total records
2026-03-05 18:06:44,011 INFO Writing CSV to entities_enriched.csv
2026-03-05 18:06:44,012 INFO Pipeline finished successfully
2026-03-05 18:07:01,765 INFO Pipeline started
2026-03-05 18:07:01,766 INFO Loading input file: ../../demo/step1/output.txt
2026-03-05 18:07:01,766 INFO Loaded 0 lines
2026-03-05 18:07:01,766 INFO Parsing sections
2026-03-05 18:07:01,766 INFO persons: 0 raw entries
2026-03-05 18:07:01,766 INFO places: 0 raw entries
2026-03-05 18:07:01,766 INFO institutions: 0 raw entries
2026-03-05 18:07:01,766 INFO publishers: 0 raw entries
2026-03-05 18:07:01,766 INFO works: 0 raw entries
2026-03-05 18:07:01,766 INFO events: 0 raw entries
2026-03-05 18:07:01,766 INFO citations: 0 raw entries
2026-03-05 18:07:01,766 INFO Deduplicating entries
2026-03-05 18:07:01,766 INFO persons: 0 unique entries after dedup
2026-03-05 18:07:01,766 INFO places: 0 unique entries after dedup
2026-03-05 18:07:01,766 INFO institutions: 0 unique entries after dedup
2026-03-05 18:07:01,766 INFO publishers: 0 unique entries after dedup
2026-03-05 18:07:01,766 INFO works: 0 unique entries after dedup
2026-03-05 18:07:01,766 INFO events: 0 unique entries after dedup
2026-03-05 18:07:01,767 INFO citations: 0 unique entries after dedup
2026-03-05 18:07:01,767 INFO Enriching entities via Wikidata
2026-03-05 18:07:01,767 INFO Enrichment complete – 0 total records
2026-03-05 18:07:01,767 INFO Writing CSV to entities_enriched.csv
2026-03-05 18:12:31,524 INFO Pipeline started
2026-03-05 18:12:31,524 INFO Loading input file: ../../demo/step1/output.txt
2026-03-05 18:12:31,524 INFO Loaded 108 lines
2026-03-05 18:12:31,524 INFO Parsing sections
2026-03-05 18:12:31,524 INFO persons: 6 raw entries
2026-03-05 18:12:31,525 INFO places: 4 raw entries
2026-03-05 18:12:31,525 INFO institutions: 0 raw entries
2026-03-05 18:12:31,525 INFO publishers: 1 raw entries
2026-03-05 18:12:31,525 INFO works: 4 raw entries
2026-03-05 18:12:31,525 INFO events: 0 raw entries
2026-03-05 18:12:31,525 INFO citations: 3 raw entries
2026-03-05 18:12:31,525 INFO Deduplicating entries
2026-03-05 18:12:31,525 INFO persons: 6 unique entries after dedup
2026-03-05 18:12:31,525 INFO places: 4 unique entries after dedup
2026-03-05 18:12:31,525 INFO institutions: 0 unique entries after dedup
2026-03-05 18:12:31,525 INFO publishers: 1 unique entries after dedup
2026-03-05 18:12:31,525 INFO works: 4 unique entries after dedup
2026-03-05 18:12:31,525 INFO events: 0 unique entries after dedup
2026-03-05 18:12:31,525 INFO citations: 3 unique entries after dedup
2026-03-05 18:12:31,525 INFO Enriching entities via Wikidata
2026-03-05 18:12:55,003 INFO Enrichment complete – 18 total records
2026-03-05 18:12:55,003 INFO Writing CSV to entities_enriched.csv
2026-03-05 18:12:55,004 INFO Pipeline finished successfully
2026-03-05 18:21:29,420 INFO Pipeline started
2026-03-05 18:21:29,420 INFO Loading input file: ../../demo/step1/output.txt
2026-03-05 18:21:29,420 INFO Loaded 108 lines
2026-03-05 18:21:29,420 INFO Parsing sections
2026-03-05 18:21:29,420 INFO persons: 6 raw entries
2026-03-05 18:21:29,420 INFO places: 4 raw entries
2026-03-05 18:21:29,420 INFO institutions: 0 raw entries
2026-03-05 18:21:29,420 INFO publishers: 1 raw entries
2026-03-05 18:21:29,420 INFO works: 4 raw entries
2026-03-05 18:21:29,420 INFO events: 0 raw entries
2026-03-05 18:21:29,420 INFO citations: 3 raw entries
2026-03-05 18:21:29,421 INFO Deduplicating entries
2026-03-05 18:21:29,421 INFO persons: 6 unique entries after dedup
2026-03-05 18:21:29,421 INFO places: 4 unique entries after dedup
2026-03-05 18:21:29,421 INFO institutions: 0 unique entries after dedup
2026-03-05 18:21:29,421 INFO publishers: 1 unique entries after dedup
2026-03-05 18:21:29,421 INFO works: 4 unique entries after dedup
2026-03-05 18:21:29,421 INFO events: 0 unique entries after dedup
2026-03-05 18:21:29,421 INFO citations: 3 unique entries after dedup
2026-03-05 18:21:29,421 INFO Enriching entities via Wikidata
2026-03-05 18:21:53,334 INFO Enrichment complete – 18 total records
2026-03-05 18:21:53,334 INFO Writing CSV to entities_enriched.csv
2026-03-05 18:21:53,335 INFO Pipeline finished successfully
2026-03-05 23:18:10,069 INFO Pipeline started
2026-03-05 23:18:10,070 INFO Loading input file: ../../demo/step1/output.txt
2026-03-05 23:18:10,070 INFO Loaded 108 lines
2026-03-05 23:18:10,070 INFO Parsing sections
2026-03-05 23:18:10,070 INFO persons: 6 raw entries
2026-03-05 23:18:10,070 INFO places: 4 raw entries
2026-03-05 23:18:10,070 INFO institutions: 0 raw entries
2026-03-05 23:18:10,070 INFO publishers: 1 raw entries
2026-03-05 23:18:10,070 INFO works: 4 raw entries
2026-03-05 23:18:10,070 INFO events: 0 raw entries
2026-03-05 23:18:10,070 INFO citations: 3 raw entries
2026-03-05 23:18:10,070 INFO Deduplicating entries
2026-03-05 23:18:10,070 INFO persons: 6 unique entries after dedup
2026-03-05 23:18:10,070 INFO places: 4 unique entries after dedup
2026-03-05 23:18:10,070 INFO institutions: 0 unique entries after dedup
2026-03-05 23:18:10,070 INFO publishers: 1 unique entries after dedup
2026-03-05 23:18:10,070 INFO works: 4 unique entries after dedup
2026-03-05 23:18:10,070 INFO events: 0 unique entries after dedup
2026-03-05 23:18:10,070 INFO citations: 3 unique entries after dedup
2026-03-05 23:18:10,071 INFO Enriching entities via Wikidata
2026-03-05 23:18:27,136 WARNING Wikidata entity fetch failed for Q2551836 (status 404)
2026-03-05 23:18:27,336 WARNING Wikidata entity fetch failed for Q2551836 (status 404)
2026-03-05 23:18:29,975 INFO Enrichment complete – 18 total records
2026-03-05 23:18:29,975 INFO Writing CSV to entities_enriched.csv
2026-03-05 23:18:29,976 INFO Pipeline finished successfully
2026-03-05 23:25:05,060 INFO Pipeline started
2026-03-05 23:25:05,060 INFO Loading input file: ../../demo/step1/output.txt
2026-03-05 23:25:05,060 INFO Loaded 108 lines
2026-03-05 23:25:05,061 INFO Parsing sections
2026-03-05 23:25:05,061 INFO persons: 6 raw entries
2026-03-05 23:25:05,061 INFO places: 4 raw entries
2026-03-05 23:25:05,061 INFO institutions: 0 raw entries
2026-03-05 23:25:05,061 INFO publishers: 1 raw entries
2026-03-05 23:25:05,061 INFO works: 4 raw entries
2026-03-05 23:25:05,061 INFO events: 0 raw entries
2026-03-05 23:25:05,061 INFO citations: 3 raw entries
2026-03-05 23:25:05,061 INFO Deduplicating entries
2026-03-05 23:25:05,061 INFO persons: 6 unique entries after dedup
2026-03-05 23:25:05,061 INFO places: 4 unique entries after dedup
2026-03-05 23:25:05,061 INFO institutions: 0 unique entries after dedup
2026-03-05 23:25:05,061 INFO publishers: 1 unique entries after dedup
2026-03-05 23:25:05,061 INFO works: 4 unique entries after dedup
2026-03-05 23:25:05,061 INFO events: 0 unique entries after dedup
2026-03-05 23:25:05,061 INFO citations: 3 unique entries after dedup
2026-03-05 23:25:05,061 INFO Enriching entities via Wikidata
2026-03-05 23:25:23,639 WARNING Wikidata entity fetch failed for Q2551836 (status 404)
2026-03-05 23:25:23,829 WARNING Wikidata entity fetch failed for Q2551836 (status 404)
2026-03-05 23:25:26,557 INFO Enrichment complete – 18 total records
2026-03-05 23:25:26,558 INFO Writing CSV to entities_enriched.csv
2026-03-05 23:25:26,560 INFO Pipeline finished successfully
2026-03-05 23:33:33,140 INFO Pipeline started
2026-03-05 23:33:33,140 INFO Loading input file: ../../demo/step1/output.txt
2026-03-05 23:33:33,141 INFO Loaded 108 lines
2026-03-05 23:33:33,141 INFO Parsing sections
2026-03-05 23:33:33,141 INFO persons: 6 raw entries
2026-03-05 23:33:33,141 INFO places: 4 raw entries
2026-03-05 23:33:33,141 INFO institutions: 0 raw entries
2026-03-05 23:33:33,141 INFO publishers: 1 raw entries
2026-03-05 23:33:33,141 INFO works: 4 raw entries
2026-03-05 23:33:33,141 INFO events: 0 raw entries
2026-03-05 23:33:33,141 INFO citations: 3 raw entries
2026-03-05 23:33:33,141 INFO Deduplicating entries
2026-03-05 23:33:33,141 INFO persons: 6 unique entries after dedup
2026-03-05 23:33:33,141 INFO places: 4 unique entries after dedup
2026-03-05 23:33:33,141 INFO institutions: 0 unique entries after dedup
2026-03-05 23:33:33,141 INFO publishers: 1 unique entries after dedup
2026-03-05 23:33:33,141 INFO works: 4 unique entries after dedup
2026-03-05 23:33:33,141 INFO events: 0 unique entries after dedup
2026-03-05 23:33:33,141 INFO citations: 3 unique entries after dedup
2026-03-05 23:33:33,142 INFO Enriching entities via Wikidata
2026-03-05 23:33:54,573 WARNING Wikidata entity fetch failed for Q2551836 (status 404)
2026-03-05 23:33:54,763 WARNING Wikidata entity fetch failed for Q2551836 (status 404)
2026-03-05 23:33:58,335 INFO Enrichment complete – 18 total records
2026-03-05 23:33:58,336 INFO Writing CSV to entities_enriched.csv
2026-03-05 23:33:58,338 INFO Pipeline finished successfully
2026-03-05 23:34:04,072 INFO Pipeline started
2026-03-05 23:34:04,072 INFO Loading input file: ../../demo/step1/output.txt
2026-03-05 23:34:04,073 INFO Loaded 108 lines
2026-03-05 23:34:04,073 INFO Parsing sections
2026-03-05 23:34:04,073 INFO persons: 6 raw entries
2026-03-05 23:34:04,073 INFO places: 4 raw entries
2026-03-05 23:34:04,073 INFO institutions: 0 raw entries
2026-03-05 23:34:04,073 INFO publishers: 1 raw entries
2026-03-05 23:34:04,073 INFO works: 4 raw entries
2026-03-05 23:34:04,073 INFO events: 0 raw entries
2026-03-05 23:34:04,073 INFO citations: 3 raw entries
2026-03-05 23:34:04,073 INFO Deduplicating entries
2026-03-05 23:34:04,073 INFO persons: 6 unique entries after dedup
2026-03-05 23:34:04,073 INFO places: 4 unique entries after dedup
2026-03-05 23:34:04,073 INFO institutions: 0 unique entries after dedup
2026-03-05 23:34:04,073 INFO publishers: 1 unique entries after dedup
2026-03-05 23:34:04,073 INFO works: 4 unique entries after dedup
2026-03-05 23:34:04,073 INFO events: 0 unique entries after dedup
2026-03-05 23:34:04,074 INFO citations: 3 unique entries after dedup
2026-03-05 23:34:04,074 INFO Enriching entities via Wikidata
2026-03-05 23:34:25,673 WARNING Wikidata entity fetch failed for Q2551836 (status 404)
2026-03-05 23:34:25,862 WARNING Wikidata entity fetch failed for Q2551836 (status 404)
2026-03-05 23:34:25,875 INFO Pipeline started
2026-03-05 23:34:25,875 INFO Loading input file: ../../demo/step1/output.txt
2026-03-05 23:34:25,876 INFO Loaded 108 lines
2026-03-05 23:34:25,876 INFO Parsing sections
2026-03-05 23:34:25,876 INFO persons: 6 raw entries
2026-03-05 23:34:25,876 INFO places: 4 raw entries
2026-03-05 23:34:25,876 INFO institutions: 0 raw entries
2026-03-05 23:34:25,876 INFO publishers: 1 raw entries
2026-03-05 23:34:25,876 INFO works: 4 raw entries
2026-03-05 23:34:25,876 INFO events: 0 raw entries
2026-03-05 23:34:25,876 INFO citations: 3 raw entries
2026-03-05 23:34:25,876 INFO Deduplicating entries
2026-03-05 23:34:25,876 INFO persons: 6 unique entries after dedup
2026-03-05 23:34:25,876 INFO places: 4 unique entries after dedup
2026-03-05 23:34:25,876 INFO institutions: 0 unique entries after dedup
2026-03-05 23:34:25,876 INFO publishers: 1 unique entries after dedup
2026-03-05 23:34:25,876 INFO works: 4 unique entries after dedup
2026-03-05 23:34:25,876 INFO events: 0 unique entries after dedup
2026-03-05 23:34:25,876 INFO citations: 3 unique entries after dedup
2026-03-05 23:34:25,876 INFO Enriching entities via Wikidata
2026-03-05 23:34:28,766 INFO Enrichment complete – 18 total records
2026-03-05 23:34:28,766 INFO Writing CSV to entities_enriched.csv
2026-03-05 23:34:28,766 INFO Pipeline finished successfully
2026-03-05 23:34:44,970 WARNING Wikidata entity fetch failed for Q2551836 (status 404)
2026-03-05 23:34:45,131 WARNING Wikidata entity fetch failed for Q2551836 (status 404)
2026-03-05 23:34:47,697 INFO Enrichment complete – 18 total records
2026-03-05 23:34:47,698 INFO Writing CSV to entities_enriched.csv
2026-03-05 23:34:47,700 INFO Pipeline finished successfully
2026-03-05 23:40:33,353 INFO Pipeline started
2026-03-05 23:40:33,353 INFO Loading input file: ../../demo/step1/output.txt
2026-03-05 23:40:33,353 INFO Loaded 108 lines
2026-03-05 23:40:33,354 INFO Parsing sections
2026-03-05 23:40:33,354 INFO persons: 6 raw entries
2026-03-05 23:40:33,354 INFO places: 4 raw entries
2026-03-05 23:40:33,354 INFO institutions: 0 raw entries
2026-03-05 23:40:33,354 INFO publishers: 1 raw entries
2026-03-05 23:40:33,354 INFO works: 4 raw entries
2026-03-05 23:40:33,354 INFO events: 0 raw entries
2026-03-05 23:40:33,354 INFO citations: 3 raw entries
2026-03-05 23:40:33,354 INFO Deduplicating entries
2026-03-05 23:40:33,354 INFO persons: 6 unique entries after dedup
2026-03-05 23:40:33,354 INFO places: 4 unique entries after dedup
2026-03-05 23:40:33,354 INFO institutions: 0 unique entries after dedup
2026-03-05 23:40:33,354 INFO publishers: 1 unique entries after dedup
2026-03-05 23:40:33,354 INFO works: 4 unique entries after dedup
2026-03-05 23:40:33,355 INFO events: 0 unique entries after dedup
2026-03-05 23:40:33,355 INFO citations: 3 unique entries after dedup
2026-03-05 23:40:33,355 INFO Enriching entities via Wikidata
2026-03-05 23:40:52,438 WARNING Wikidata entity fetch failed for Q2551836 (status 404)
2026-03-05 23:40:52,628 WARNING Wikidata entity fetch failed for Q2551836 (status 404)
2026-03-05 23:40:55,817 INFO Enrichment complete – 18 total records
2026-03-05 23:40:55,817 INFO Writing CSV to entities_enriched.csv
2026-03-05 23:40:55,818 INFO Pipeline finished successfully
